<?xml version="1.0" encoding="UTF-8"?>
<!-- Generated by org.testng.reporters.JUnitReportReporter -->
<testsuite hostname="LAPTOP-QFO71BU4" failures="0" tests="4" name="com.mystroe.testScripts.LoginPageTest" time="51.033" errors="0" timestamp="2024-09-06T18:17:05 IST" skipped="0">
  <testcase classname="com.mystroe.testScripts.LoginPageTest" name="InValidUserNameValidPassword" time="12.257"/>
  <system-out/>
  <testcase classname="com.mystroe.testScripts.LoginPageTest" name="ValidUserNameValidPassword" time="13.135"/>
  <system-out/>
  <testcase classname="com.mystroe.testScripts.LoginPageTest" name="ValidUserNameInValidPassword" time="12.793"/>
  <system-out/>
  <testcase classname="com.mystroe.testScripts.LoginPageTest" name="InValidUserNameInValidPassword" time="12.848"/>
  <system-out/>
</testsuite> <!-- com.mystroe.testScripts.LoginPageTest -->
