<?xml version="1.0" encoding="UTF-8"?>
<!-- Generated by org.testng.reporters.JUnitReportReporter -->
<testsuite hostname="LAPTOP-QFO71BU4" failures="0" tests="1" name="com.mystroe.testScripts.AccountCreationPageTest" time="10.638" errors="0" timestamp="2022-06-21T23:02:04 IST" skipped="0">
  <testcase classname="com.mystroe.testScripts.AccountCreationPageTest" name="verifyCreateAccountPageTest" time="10.638"/>
  <system-out/>
</testsuite> <!-- com.mystroe.testScripts.AccountCreationPageTest -->
