<?xml version="1.0" encoding="UTF-8"?>
<!-- Generated by org.testng.reporters.JUnitReportReporter -->
<testsuite hostname="LAPTOP-QFO71BU4" failures="0" tests="4" name="com.mystroe.testScripts.IndexPageTest" time="31.704" errors="0" timestamp="2024-09-06T16:39:07 IST" skipped="0">
  <testcase classname="com.mystroe.testScripts.IndexPageTest" name="verifyLogo" time="2.855"/>
  <system-out/>
  <testcase classname="com.mystroe.testScripts.IndexPageTest" name="verifyLogo" time="8.825"/>
  <system-out/>
  <testcase classname="com.mystroe.testScripts.IndexPageTest" name="verifyTitle" time="9.419"/>
  <system-out/>
  <testcase classname="com.mystroe.testScripts.IndexPageTest" name="verifyTitle" time="10.605"/>
  <system-out/>
</testsuite> <!-- com.mystroe.testScripts.IndexPageTest -->
