<?xml version="1.0" encoding="UTF-8"?>
<!-- Generated by org.testng.reporters.JUnitReportReporter -->
<testsuite hostname="LAPTOP-QFO71BU4" failures="0" tests="2" name="com.mystroe.testScripts.HomePageTest" time="32.109" errors="0" timestamp="2024-09-06T16:39:07 IST" skipped="0">
  <testcase classname="com.mystroe.testScripts.HomePageTest" name="shopingCartTest" time="17.336"/>
  <system-out/>
  <testcase classname="com.mystroe.testScripts.HomePageTest" name="shopingCartTest" time="14.773"/>
  <system-out/>
</testsuite> <!-- com.mystroe.testScripts.HomePageTest -->
